Watching for file changes with StatReloader
Bad Request: /Accounts/info/
[26/Nov/2023 04:30:25] "GET /Accounts/info/ HTTP/1.1" 400 7040
Bad Request: /Accounts/info/
[26/Nov/2023 04:30:25] "GET /Accounts/info/ HTTP/1.1" 400 7040
[26/Nov/2023 04:30:33] "GET /equip/inventory/ HTTP/1.1" 200 9936
/workspace/Equipment_System/Capstone/config/settings.py changed, reloading.
Performing system checks...

System check identified no issues (0 silenced).
November 26, 2023 - 04:29:37
Django version 4.0.3, using settings 'config.settings'
Starting development server at http://0.0.0.0:80/
Quit the server with CONTROL-C.
Watching for file changes with StatReloader
[26/Nov/2023 04:30:56] "GET /equip/inventory/ HTTP/1.1" 200 9936
[26/Nov/2023 04:30:57] "GET /equip/inventory/ HTTP/1.1" 200 9936
Bad Request: /Accounts/info/
[26/Nov/2023 04:30:59] "GET /Accounts/info/ HTTP/1.1" 400 7040
Watching for file changes with StatReloader
Bad Request: /Accounts/info/
[26/Nov/2023 04:35:41] "GET /Accounts/info/ HTTP/1.1" 400 7040
/workspace/Equipment_System/Capstone/config/settings.py changed, reloading.
Performing system checks...

System check identified no issues (0 silenced).
November 26, 2023 - 04:35:34
Django version 4.0.3, using settings 'config.settings'
Starting development server at http://0.0.0.0:8000/
Quit the server with CONTROL-C.
Watching for file changes with StatReloader
Bad Request: /Accounts/info/
[26/Nov/2023 04:36:01] "GET /Accounts/info/ HTTP/1.1" 400 7040
[26/Nov/2023 04:43:28] "GET /equip/inventory/ HTTP/1.1" 200 9936
[26/Nov/2023 06:12:10] "GET /equip/inventory/ HTTP/1.1" 200 9936
[26/Nov/2023 06:12:10] "GET /static/rest_framework/css/bootstrap.min.css HTTP/1.1" 304 0
[26/Nov/2023 06:12:10] "GET /static/rest_framework/css/default.css HTTP/1.1" 304 0
[26/Nov/2023 06:12:10] "GET /static/rest_framework/css/prettify.css HTTP/1.1" 304 0
[26/Nov/2023 06:12:10] "GET /static/rest_framework/css/bootstrap-tweaks.css HTTP/1.1" 304 0
[26/Nov/2023 06:12:10] "GET /static/rest_framework/js/jquery-3.5.1.min.js HTTP/1.1" 304 0
[26/Nov/2023 06:12:10] "GET /static/rest_framework/js/csrf.js HTTP/1.1" 304 0
[26/Nov/2023 06:12:10] "GET /static/rest_framework/js/ajax-form.js HTTP/1.1" 304 0
[26/Nov/2023 06:12:10] "GET /static/rest_framework/js/bootstrap.min.js HTTP/1.1" 304 0
[26/Nov/2023 06:12:10] "GET /static/rest_framework/js/default.js HTTP/1.1" 304 0
[26/Nov/2023 06:12:10] "GET /static/rest_framework/js/prettify-min.js HTTP/1.1" 304 0
[26/Nov/2023 06:12:10] "GET /static/rest_framework/img/grid.png HTTP/1.1" 304 0
[26/Nov/2023 06:50:07] "GET /equip/inventory/ HTTP/1.1" 200 9936
[26/Nov/2023 06:50:07] "GET /static/rest_framework/css/bootstrap.min.css HTTP/1.1" 200 121457
[26/Nov/2023 06:50:07] "GET /static/rest_framework/css/bootstrap-tweaks.css HTTP/1.1" 200 3385
[26/Nov/2023 06:50:07] "GET /static/rest_framework/css/default.css HTTP/1.1" 200 1152
[26/Nov/2023 06:50:08] "GET /static/rest_framework/js/ajax-form.js HTTP/1.1" 200 3597
[26/Nov/2023 06:50:08] "GET /static/rest_framework/js/jquery-3.5.1.min.js HTTP/1.1" 200 89476
[26/Nov/2023 06:50:08] "GET /static/rest_framework/js/bootstrap.min.js HTTP/1.1" 200 39680
[26/Nov/2023 06:50:08] "GET /static/rest_framework/css/prettify.css HTTP/1.1" 200 817
[26/Nov/2023 06:50:08] "GET /static/rest_framework/js/csrf.js HTTP/1.1" 200 1719
[26/Nov/2023 06:50:08] "GET /static/rest_framework/js/prettify-min.js HTTP/1.1" 200 13632
[26/Nov/2023 06:50:08] "GET /static/rest_framework/js/default.js HTTP/1.1" 200 1268
[26/Nov/2023 06:50:08] "GET /static/rest_framework/img/grid.png HTTP/1.1" 200 1458
Not Found: /favicon.ico
[26/Nov/2023 06:50:08] "GET /favicon.ico HTTP/1.1" 404 2548
[26/Nov/2023 11:34:19] "GET /equip/inventory/ HTTP/1.1" 200 628
[26/Nov/2023 13:13:36] "GET /equip/inventory/ HTTP/1.1" 200 628
[26/Nov/2023 15:23:53] "GET /equip/inventory/ HTTP/1.1" 200 628
[26/Nov/2023 15:53:19] "GET /equip/inventory/ HTTP/1.1" 200 9936
[26/Nov/2023 15:53:19] "GET /static/rest_framework/css/bootstrap-tweaks.css HTTP/1.1" 304 0
[26/Nov/2023 15:53:19] "GET /static/rest_framework/css/bootstrap.min.css HTTP/1.1" 304 0
[26/Nov/2023 15:53:19] "GET /static/rest_framework/js/ajax-form.js HTTP/1.1" 304 0
[26/Nov/2023 15:53:19] "GET /static/rest_framework/js/csrf.js HTTP/1.1" 304 0
[26/Nov/2023 15:53:19] "GET /static/rest_framework/js/bootstrap.min.js HTTP/1.1" 304 0
[26/Nov/2023 15:53:19] "GET /static/rest_framework/css/default.css HTTP/1.1" 304 0
[26/Nov/2023 15:53:19] "GET /static/rest_framework/css/prettify.css HTTP/1.1" 304 0
[26/Nov/2023 15:53:19] "GET /static/rest_framework/js/jquery-3.5.1.min.js HTTP/1.1" 304 0
[26/Nov/2023 15:53:19] "GET /static/rest_framework/js/prettify-min.js HTTP/1.1" 304 0
[26/Nov/2023 15:53:19] "GET /static/rest_framework/js/default.js HTTP/1.1" 304 0
[26/Nov/2023 15:53:19] "GET /static/rest_framework/img/grid.png HTTP/1.1" 304 0
Not Found: /favicon.ico
[26/Nov/2023 15:53:19] "GET /favicon.ico HTTP/1.1" 404 2548
Not Found: /
[26/Nov/2023 15:57:42] "GET / HTTP/1.1" 404 2497
Not Found: /
[26/Nov/2023 15:57:42] "GET / HTTP/1.1" 404 2497
Not Found: /
[26/Nov/2023 15:57:44] "GET / HTTP/1.1" 404 2497
[26/Nov/2023 15:57:56] "GET /equip/inventory/ HTTP/1.1" 200 628
[26/Nov/2023 15:57:57] "GET /equip/inventory/ HTTP/1.1" 200 9936
[26/Nov/2023 15:57:57] "GET /static/rest_framework/css/bootstrap.min.css HTTP/1.1" 304 0
[26/Nov/2023 15:57:57] "GET /static/rest_framework/css/bootstrap-tweaks.css HTTP/1.1" 304 0
[26/Nov/2023 15:57:57] "GET /static/rest_framework/css/default.css HTTP/1.1" 304 0
[26/Nov/2023 15:57:57] "GET /static/rest_framework/js/csrf.js HTTP/1.1" 304 0
[26/Nov/2023 15:57:57] "GET /static/rest_framework/css/prettify.css HTTP/1.1" 304 0
[26/Nov/2023 15:57:57] "GET /static/rest_framework/js/ajax-form.js HTTP/1.1" 304 0
[26/Nov/2023 15:57:57] "GET /static/rest_framework/js/bootstrap.min.js HTTP/1.1" 304 0
[26/Nov/2023 15:57:57] "GET /static/rest_framework/js/jquery-3.5.1.min.js HTTP/1.1" 304 0
[26/Nov/2023 15:57:57] "GET /static/rest_framework/js/prettify-min.js HTTP/1.1" 304 0
[26/Nov/2023 15:57:57] "GET /static/rest_framework/img/grid.png HTTP/1.1" 304 0
[26/Nov/2023 15:57:57] "GET /static/rest_framework/js/default.js HTTP/1.1" 304 0
[26/Nov/2023 16:06:11] "GET /equip/inventory/ HTTP/1.1" 200 9936
[26/Nov/2023 16:06:12] "GET /static/rest_framework/css/bootstrap.min.css HTTP/1.1" 200 121457
[26/Nov/2023 16:06:12] "GET /static/rest_framework/css/default.css HTTP/1.1" 200 1152
[26/Nov/2023 16:06:12] "GET /static/rest_framework/css/bootstrap-tweaks.css HTTP/1.1" 200 3385
[26/Nov/2023 16:06:12] "GET /static/rest_framework/js/ajax-form.js HTTP/1.1" 200 3597
[26/Nov/2023 16:06:12] "GET /static/rest_framework/css/prettify.css HTTP/1.1" 200 817
[26/Nov/2023 16:06:12] "GET /static/rest_framework/js/jquery-3.5.1.min.js HTTP/1.1" 200 89476
[26/Nov/2023 16:06:12] "GET /static/rest_framework/js/csrf.js HTTP/1.1" 200 1719
[26/Nov/2023 16:06:12] "GET /static/rest_framework/js/bootstrap.min.js HTTP/1.1" 200 39680
[26/Nov/2023 16:06:12] "GET /static/rest_framework/js/prettify-min.js HTTP/1.1" 200 13632
[26/Nov/2023 16:06:12] "GET /static/rest_framework/js/default.js HTTP/1.1" 200 1268
[26/Nov/2023 16:06:12] "GET /static/rest_framework/img/grid.png HTTP/1.1" 200 1458
Not Found: /favicon.ico
[26/Nov/2023 16:06:12] "GET /favicon.ico HTTP/1.1" 404 2548
[26/Nov/2023 16:35:01] "GET /equip/inventory/ HTTP/1.1" 200 628
Not Found: /
[26/Nov/2023 17:03:34] "GET / HTTP/1.1" 404 2497
Not Found: /
[26/Nov/2023 17:20:44] "GET / HTTP/1.1" 404 2497
Not Found: /favicon.ico
[26/Nov/2023 17:20:45] "GET /favicon.ico HTTP/1.1" 404 2548
Not Found: /
[26/Nov/2023 17:20:54] "GET / HTTP/1.1" 404 2497
Not Found: /favicon.ico
[26/Nov/2023 17:20:55] "GET /favicon.ico HTTP/1.1" 404 2548
Not Found: /equipinventory
[26/Nov/2023 17:21:27] "GET /equipinventory HTTP/1.1" 404 2557
Not Found: /equipinventory
[26/Nov/2023 17:22:03] "GET /equipinventory HTTP/1.1" 404 2557
Not Found: /equipinventory
[26/Nov/2023 17:23:17] "GET /equipinventory HTTP/1.1" 404 2557
Not Found: /equipinventory
[26/Nov/2023 17:23:28] "GET /equipinventory HTTP/1.1" 404 2557
[26/Nov/2023 17:26:43] "GET /equip/inventory/ HTTP/1.1" 200 9936
Not Found: /
[26/Nov/2023 17:27:53] "GET / HTTP/1.1" 404 2497
Not Found: /
[26/Nov/2023 17:27:56] "GET / HTTP/1.1" 404 2497
Not Found: /equipinventory/
[26/Nov/2023 17:33:37] "GET /equipinventory/ HTTP/1.1" 404 2560
Not Found: /equipinventory/
[26/Nov/2023 17:33:45] "GET /equipinventory/ HTTP/1.1" 404 2560
Not Found: /equipinventory
[26/Nov/2023 17:33:51] "GET /equipinventory HTTP/1.1" 404 2557
Not Found: /equipinventory
[26/Nov/2023 17:34:52] "GET /equipinventory?asd=3 HTTP/1.1" 404 2563
[26/Nov/2023 17:45:49] "GET /equip/inventory/ HTTP/1.1" 200 9936
[26/Nov/2023 17:45:49] "GET /static/rest_framework/css/bootstrap.min.css HTTP/1.1" 200 121457
[26/Nov/2023 17:45:49] "GET /static/rest_framework/css/prettify.css HTTP/1.1" 200 817
[26/Nov/2023 17:45:49] "GET /static/rest_framework/css/default.css HTTP/1.1" 200 1152
[26/Nov/2023 17:45:49] "GET /static/rest_framework/css/bootstrap-tweaks.css HTTP/1.1" 200 3385
[26/Nov/2023 17:45:49] "GET /static/rest_framework/js/jquery-3.5.1.min.js HTTP/1.1" 200 89476
[26/Nov/2023 17:45:49] "GET /static/rest_framework/js/ajax-form.js HTTP/1.1" 200 3597
[26/Nov/2023 17:45:49] "GET /static/rest_framework/js/prettify-min.js HTTP/1.1" 200 13632
[26/Nov/2023 17:45:49] "GET /static/rest_framework/js/csrf.js HTTP/1.1" 200 1719
[26/Nov/2023 17:45:49] "GET /static/rest_framework/js/bootstrap.min.js HTTP/1.1" 200 39680
[26/Nov/2023 17:45:49] "GET /static/rest_framework/js/default.js HTTP/1.1" 200 1268
[26/Nov/2023 17:45:50] "GET /static/rest_framework/img/grid.png HTTP/1.1" 200 1458
Not Found: /favicon.ico
[26/Nov/2023 17:45:50] "GET /favicon.ico HTTP/1.1" 404 2548
Not Found: /
[26/Nov/2023 17:45:53] "GET / HTTP/1.1" 404 2497
Not Found: /favicon.ico
[26/Nov/2023 17:45:53] "GET /favicon.ico HTTP/1.1" 404 2548
[26/Nov/2023 17:46:19] "GET /equip/inventory/ HTTP/1.1" 200 9936
[26/Nov/2023 17:46:19] "GET /static/rest_framework/css/bootstrap-tweaks.css HTTP/1.1" 200 3385
[26/Nov/2023 17:46:19] "GET /static/rest_framework/css/bootstrap.min.css HTTP/1.1" 200 121457
[26/Nov/2023 17:46:19] "GET /static/rest_framework/css/prettify.css HTTP/1.1" 200 817
[26/Nov/2023 17:46:19] "GET /static/rest_framework/js/jquery-3.5.1.min.js HTTP/1.1" 200 89476
[26/Nov/2023 17:46:19] "GET /static/rest_framework/js/ajax-form.js HTTP/1.1" 200 3597
[26/Nov/2023 17:46:19] "GET /static/rest_framework/css/default.css HTTP/1.1" 200 1152
[26/Nov/2023 17:46:19] "GET /static/rest_framework/js/csrf.js HTTP/1.1" 200 1719
[26/Nov/2023 17:46:19] "GET /static/rest_framework/js/prettify-min.js HTTP/1.1" 200 13632
[26/Nov/2023 17:46:19] "GET /static/rest_framework/js/bootstrap.min.js HTTP/1.1" 200 39680
[26/Nov/2023 17:46:19] "GET /static/rest_framework/js/default.js HTTP/1.1" 200 1268
[26/Nov/2023 17:46:20] "GET /static/rest_framework/img/grid.png HTTP/1.1" 200 1458
Not Found: /favicon.ico
[26/Nov/2023 17:46:20] "GET /favicon.ico HTTP/1.1" 404 2548
Not Found: /
[26/Nov/2023 17:46:41] "GET / HTTP/1.1" 404 2497
Not Found: /favicon.ico
[26/Nov/2023 17:46:41] "GET /favicon.ico HTTP/1.1" 404 2548
[26/Nov/2023 17:47:30] "GET /equip/inventory/ HTTP/1.1" 200 9936
[26/Nov/2023 17:47:31] "GET /static/rest_framework/css/bootstrap.min.css HTTP/1.1" 200 121457
[26/Nov/2023 17:47:31] "GET /static/rest_framework/css/bootstrap-tweaks.css HTTP/1.1" 200 3385
[26/Nov/2023 17:47:31] "GET /static/rest_framework/css/prettify.css HTTP/1.1" 200 817
[26/Nov/2023 17:47:31] "GET /static/rest_framework/js/ajax-form.js HTTP/1.1" 200 3597
[26/Nov/2023 17:47:31] "GET /static/rest_framework/css/default.css HTTP/1.1" 200 1152
[26/Nov/2023 17:47:31] "GET /static/rest_framework/js/jquery-3.5.1.min.js HTTP/1.1" 200 89476
[26/Nov/2023 17:47:31] "GET /static/rest_framework/js/bootstrap.min.js HTTP/1.1" 200 39680
[26/Nov/2023 17:47:31] "GET /static/rest_framework/js/csrf.js HTTP/1.1" 200 1719
[26/Nov/2023 17:47:31] "GET /static/rest_framework/js/default.js HTTP/1.1" 200 1268
[26/Nov/2023 17:47:31] "GET /static/rest_framework/js/prettify-min.js HTTP/1.1" 200 13632
[26/Nov/2023 17:47:31] "GET /static/rest_framework/img/grid.png HTTP/1.1" 200 1458
Not Found: /
[26/Nov/2023 17:47:40] "GET / HTTP/1.1" 404 2497
Not Found: /
[26/Nov/2023 17:47:44] "GET / HTTP/1.1" 404 2497
[26/Nov/2023 17:47:47] "GET /equip/inventory/ HTTP/1.1" 200 9936
[26/Nov/2023 17:47:47] "GET /static/rest_framework/css/bootstrap-tweaks.css HTTP/1.1" 200 3385
[26/Nov/2023 17:47:47] "GET /static/rest_framework/js/jquery-3.5.1.min.js HTTP/1.1" 200 89476
[26/Nov/2023 17:47:47] "GET /static/rest_framework/css/bootstrap.min.css HTTP/1.1" 200 121457
[26/Nov/2023 17:47:47] "GET /static/rest_framework/js/ajax-form.js HTTP/1.1" 200 3597
[26/Nov/2023 17:47:47] "GET /static/rest_framework/css/default.css HTTP/1.1" 200 1152
[26/Nov/2023 17:47:47] "GET /static/rest_framework/css/prettify.css HTTP/1.1" 200 817
[26/Nov/2023 17:47:47] "GET /static/rest_framework/js/csrf.js HTTP/1.1" 200 1719
[26/Nov/2023 17:47:47] "GET /static/rest_framework/js/bootstrap.min.js HTTP/1.1" 200 39680
[26/Nov/2023 17:47:47] "GET /static/rest_framework/js/prettify-min.js HTTP/1.1" 200 13632
[26/Nov/2023 17:47:47] "GET /static/rest_framework/js/default.js HTTP/1.1" 200 1268
[26/Nov/2023 17:47:47] "GET /static/rest_framework/img/grid.png HTTP/1.1" 200 1458
Not Found: /favicon.ico
[26/Nov/2023 17:47:47] "GET /favicon.ico HTTP/1.1" 404 2548
[26/Nov/2023 17:47:50] "GET /equip/inventory/ HTTP/1.1" 200 9936
[26/Nov/2023 17:47:52] "OPTIONS /equip/inventory/ HTTP/1.1" 200 8993
[26/Nov/2023 17:47:54] "OPTIONS /equip/inventory/ HTTP/1.1" 200 8993
[26/Nov/2023 17:47:56] "GET /equip/inventory/ HTTP/1.1" 200 9936
[26/Nov/2023 17:48:14] "GET /equip/inventory/?asd=3 HTTP/1.1" 200 628
[26/Nov/2023 17:53:44] "GET /equip/inventory/ HTTP/1.1" 200 9936
[26/Nov/2023 17:53:45] "GET /equip/inventory/ HTTP/1.1" 200 9936
[26/Nov/2023 17:55:52] "GET /equip/inventory/?asd=3 HTTP/1.1" 200 628
[26/Nov/2023 18:33:29] "GET /equip/inventory/ HTTP/1.1" 200 9936
[26/Nov/2023 18:33:29] "GET /static/rest_framework/css/bootstrap.min.css HTTP/1.1" 304 0
[26/Nov/2023 18:33:29] "GET /static/rest_framework/css/bootstrap-tweaks.css HTTP/1.1" 304 0
[26/Nov/2023 18:33:29] "GET /static/rest_framework/css/prettify.css HTTP/1.1" 304 0
[26/Nov/2023 18:33:29] "GET /static/rest_framework/js/jquery-3.5.1.min.js HTTP/1.1" 304 0
[26/Nov/2023 18:33:29] "GET /static/rest_framework/js/csrf.js HTTP/1.1" 304 0
[26/Nov/2023 18:33:30] "GET /static/rest_framework/js/ajax-form.js HTTP/1.1" 304 0
[26/Nov/2023 18:33:30] "GET /static/rest_framework/css/default.css HTTP/1.1" 304 0
[26/Nov/2023 18:33:30] "GET /static/rest_framework/js/prettify-min.js HTTP/1.1" 304 0
[26/Nov/2023 18:33:30] "GET /static/rest_framework/js/bootstrap.min.js HTTP/1.1" 304 0
[26/Nov/2023 18:33:30] "GET /static/rest_framework/js/default.js HTTP/1.1" 304 0
[26/Nov/2023 18:33:30] "GET /static/rest_framework/img/grid.png HTTP/1.1" 304 0
Not Found: /
[26/Nov/2023 18:33:36] "GET / HTTP/1.1" 404 2497
Not Found: /
[26/Nov/2023 18:33:40] "GET / HTTP/1.1" 404 2497
Not Found: /Accounts
[26/Nov/2023 18:33:46] "GET /Accounts HTTP/1.1" 404 2539
Not Found: /Accounts
[26/Nov/2023 18:33:51] "GET /Accounts HTTP/1.1" 404 2539
Not Found: /equip/
[26/Nov/2023 18:34:11] "GET /equip/ HTTP/1.1" 404 5158
Not Found: /equip/
[26/Nov/2023 18:34:19] "GET /equip/ HTTP/1.1" 404 5158
Not Found: /Accounts
[26/Nov/2023 18:34:37] "GET /Accounts HTTP/1.1" 404 2539
Not Found: /Accounts
[26/Nov/2023 18:34:42] "GET /Accounts HTTP/1.1" 404 2539
Not Found: /accounts
[26/Nov/2023 18:34:48] "GET /accounts HTTP/1.1" 404 2539
Not Found: /accounts
[26/Nov/2023 18:34:53] "GET /accounts HTTP/1.1" 404 2539
[26/Nov/2023 18:35:15] "GET /equip/inventory/?asd=3 HTTP/1.1" 200 628
Not Found: /accounts/signin
[26/Nov/2023 18:38:34] "GET /accounts/signin HTTP/1.1" 404 2560
Not Found: /accounts/signin
[26/Nov/2023 18:38:40] "GET /accounts/signin HTTP/1.1" 404 2560
[26/Nov/2023 18:47:40] "GET /equip/inventory/?asd=3 HTTP/1.1" 200 628
[26/Nov/2023 18:47:42] "GET /equip/inventory/?asd=3 HTTP/1.1" 200 628
[26/Nov/2023 18:47:47] "GET /equip/inventory/?asd=3 HTTP/1.1" 200 628
[26/Nov/2023 18:48:24] "GET /equip/inventory/?asd=3 HTTP/1.1" 200 628
[26/Nov/2023 18:48:25] "GET /equip/inventory/?asd=3 HTTP/1.1" 200 628
[26/Nov/2023 18:48:26] "GET /equip/inventory/?asd=3 HTTP/1.1" 200 628
[26/Nov/2023 18:57:41] "GET /equip/inventory/?asd=3 HTTP/1.1" 200 628
[26/Nov/2023 18:57:48] "GET /equip/inventory/?asd=3 HTTP/1.1" 200 628
[26/Nov/2023 18:57:48] "GET /equip/inventory/?asd=3 HTTP/1.1" 200 628
[26/Nov/2023 19:23:12] "GET /equip/inventory/?asd=3 HTTP/1.1" 200 628
[26/Nov/2023 19:28:38] "GET /equip/inventory/ HTTP/1.1" 200 628
[26/Nov/2023 19:28:56] "GET /equip/inventory/ HTTP/1.1" 200 628
[26/Nov/2023 19:34:03] "GET /equip/inventory/ HTTP/1.1" 200 628
[26/Nov/2023 19:40:49] "GET /equip/inventory/ HTTP/1.1" 200 628
[26/Nov/2023 19:47:40] "GET /admin HTTP/1.1" 301 0
[26/Nov/2023 19:47:40] "GET /admin/ HTTP/1.1" 302 0
[26/Nov/2023 19:47:41] "GET /admin/login/?next=/admin/ HTTP/1.1" 200 2224
[26/Nov/2023 19:47:41] "GET /static/admin/css/base.css HTTP/1.1" 200 19513
[26/Nov/2023 19:47:41] "GET /static/admin/js/nav_sidebar.js HTTP/1.1" 200 3401
[26/Nov/2023 19:47:41] "GET /static/admin/css/nav_sidebar.css HTTP/1.1" 200 2616
[26/Nov/2023 19:47:41] "GET /static/admin/css/login.css HTTP/1.1" 200 954
[26/Nov/2023 19:47:41] "GET /static/admin/css/responsive.css HTTP/1.1" 200 18575
[26/Nov/2023 19:47:41] "GET /static/admin/css/fonts.css HTTP/1.1" 200 423
[26/Nov/2023 19:47:43] "GET /admin/login/?next=/admin/ HTTP/1.1" 200 2224
[26/Nov/2023 19:47:43] "GET /static/admin/fonts/Roboto-Light-webfont.woff HTTP/1.1" 200 85692
[26/Nov/2023 19:47:43] "GET /static/admin/fonts/Roboto-Regular-webfont.woff HTTP/1.1" 200 85876
[26/Nov/2023 19:47:48] "GET /admin/login/?next=/admin/ HTTP/1.1" 200 2224
[26/Nov/2023 19:47:55] "GET /equip/inventory/ HTTP/1.1" 200 628
[26/Nov/2023 19:48:06] "GET /equip/inventory HTTP/1.1" 301 0
[26/Nov/2023 19:48:07] "GET /equip/inventory/ HTTP/1.1" 200 9936
[26/Nov/2023 19:48:09] "GET /equip/inventory/ HTTP/1.1" 200 9936
[26/Nov/2023 19:48:24] "GET /equip/inventory/ HTTP/1.1" 200 9936
[26/Nov/2023 19:49:23] "GET /equip/inventory/ HTTP/1.1" 200 628
[26/Nov/2023 19:49:42] "GET /equip/inventory/ HTTP/1.1" 200 628
[26/Nov/2023 19:49:47] "GET /equip/inventory/ HTTP/1.1" 200 628
[26/Nov/2023 19:51:05] "GET /equip/inventory/ HTTP/1.1" 200 628
[26/Nov/2023 19:51:15] "GET /equip/inventory/ HTTP/1.1" 200 628
[26/Nov/2023 19:51:53] "GET /equip/inventory/ HTTP/1.1" 200 628
[26/Nov/2023 19:52:27] "GET /equip/inventory/ HTTP/1.1" 200 628
[26/Nov/2023 19:52:32] "GET /equip/inventory/ HTTP/1.1" 200 628
[26/Nov/2023 19:52:35] "GET /equip/inventory/ HTTP/1.1" 200 628
[26/Nov/2023 19:52:37] "GET /equip/inventory/ HTTP/1.1" 200 628
[26/Nov/2023 19:54:09] "GET /equip/inventory/ HTTP/1.1" 200 628
[26/Nov/2023 19:54:10] "GET /equip/inventory/ HTTP/1.1" 200 628
[26/Nov/2023 19:54:12] "GET /equip/inventory/ HTTP/1.1" 200 628
[26/Nov/2023 19:54:14] "GET /equip/inventory/ HTTP/1.1" 200 628
[26/Nov/2023 19:54:17] "GET /equip/inventory/ HTTP/1.1" 200 628
[26/Nov/2023 19:54:18] "GET /equip/inventory/ HTTP/1.1" 200 628
[26/Nov/2023 19:54:21] "GET /equip/inventory/ HTTP/1.1" 200 628
[26/Nov/2023 19:54:22] "GET /equip/inventory/ HTTP/1.1" 200 628
[26/Nov/2023 19:54:29] "GET /equip/inventory/ HTTP/1.1" 200 628
Not Found: /equip/inventory/<str:pk>/
[26/Nov/2023 19:57:09] "GET /equip/inventory/%3Cstr:pk%3E/ HTTP/1.1" 404 6651
[26/Nov/2023 19:57:09] "GET /static/rest_framework/css/bootstrap.min.css HTTP/1.1" 200 121457
[26/Nov/2023 19:57:09] "GET /static/rest_framework/css/prettify.css HTTP/1.1" 200 817
[26/Nov/2023 19:57:09] "GET /static/rest_framework/css/bootstrap-tweaks.css HTTP/1.1" 200 3385
[26/Nov/2023 19:57:09] "GET /static/rest_framework/css/default.css HTTP/1.1" 200 1152
Not Found: /equip/inventory/<1>/
[26/Nov/2023 19:57:15] "GET /equip/inventory/%3C1%3E/ HTTP/1.1" 404 6616
Not Found: /equip/inventory/createdat/
[26/Nov/2023 19:57:48] "GET /equip/inventory/createdat/ HTTP/1.1" 404 6628
[26/Nov/2023 19:59:11] "GET /equip/inventory/ HTTP/1.1" 200 9936
[26/Nov/2023 19:59:12] "GET /equip/inventory/ HTTP/1.1" 200 9936
[26/Nov/2023 19:59:17] "GET /equip/inventory/ HTTP/1.1" 200 9936
[26/Nov/2023 19:59:19] "GET /equip/inventory/?format=json HTTP/1.1" 200 628
[26/Nov/2023 19:59:22] "GET /equip/inventory/?format=api HTTP/1.1" 200 10002
[26/Nov/2023 19:59:24] "GET /equip/inventory/?format=api HTTP/1.1" 200 10002
[26/Nov/2023 19:59:25] "OPTIONS /equip/inventory/?format=api HTTP/1.1" 200 9059
[26/Nov/2023 19:59:30] "OPTIONS /equip/inventory/?format=api HTTP/1.1" 200 9059
[26/Nov/2023 19:59:31] "OPTIONS /equip/inventory/?format=api HTTP/1.1" 200 9059
Bad Request: /equip/inventory/
[26/Nov/2023 20:00:01] "POST /equip/inventory/ HTTP/1.1" 400 8711
Bad Request: /equip/inventory/
[26/Nov/2023 20:00:18] "POST /equip/inventory/ HTTP/1.1" 400 8711
[26/Nov/2023 20:00:22] "GET /equip/inventory/ HTTP/1.1" 200 9936
Bad Request: /equip/inventory/
[26/Nov/2023 20:00:34] "POST /equip/inventory/ HTTP/1.1" 400 8711
[26/Nov/2023 20:02:31] "GET /equip/inventory/ HTTP/1.1" 200 628
[26/Nov/2023 20:05:32] "OPTIONS /equip/inventory/ HTTP/1.1" 200 8993
[26/Nov/2023 20:05:33] "OPTIONS /equip/inventory/ HTTP/1.1" 200 8993
[26/Nov/2023 20:05:33] "OPTIONS /equip/inventory/ HTTP/1.1" 200 8993
[26/Nov/2023 20:05:37] "GET /equip/inventory/ HTTP/1.1" 200 9936
[26/Nov/2023 20:05:40] "OPTIONS /equip/inventory/ HTTP/1.1" 200 8993
[26/Nov/2023 20:05:42] "GET /equip/inventory/ HTTP/1.1" 200 9936
[26/Nov/2023 20:05:44] "GET /equip/inventory/?format=json HTTP/1.1" 200 628
[26/Nov/2023 20:05:49] "GET /equip/inventory/?format=api HTTP/1.1" 200 10002
[26/Nov/2023 20:06:07] "GET /equip/inventory/?format=api HTTP/1.1" 200 10002
[26/Nov/2023 20:06:18] "GET /equip/inventory/?format=api HTTP/1.1" 200 10002
[26/Nov/2023 20:10:03] "GET /equip/inventory/?format=api HTTP/1.1" 200 10002
[26/Nov/2023 20:10:05] "GET /equip/inventory/?format=api HTTP/1.1" 200 10002
[26/Nov/2023 20:10:06] "GET /equip/inventory/?format=api HTTP/1.1" 200 10002
[26/Nov/2023 20:10:06] "GET /equip/inventory/?format=api HTTP/1.1" 200 10002
[26/Nov/2023 20:10:08] "GET /equip/inventory/?format=api HTTP/1.1" 200 10002
[26/Nov/2023 20:15:35] "GET /equip/inventory/?format=api HTTP/1.1" 200 10002
[26/Nov/2023 20:15:42] "GET /equip/inventory/?format=api HTTP/1.1" 200 10002
[26/Nov/2023 20:23:03] "GET /equip/inventory/ HTTP/1.1" 200 628
[26/Nov/2023 20:23:13] "GET /equip/inventory/?format=api HTTP/1.1" 200 10002
[26/Nov/2023 20:24:25] "GET /equip/inventory/ HTTP/1.1" 200 628
[26/Nov/2023 20:24:30] "GET /equip/inventory/ HTTP/1.1" 200 628
[26/Nov/2023 20:24:31] "GET /equip/inventory/ HTTP/1.1" 200 628
[26/Nov/2023 20:24:32] "GET /equip/inventory/ HTTP/1.1" 200 628
[26/Nov/2023 20:24:33] "GET /equip/inventory/ HTTP/1.1" 200 628
[26/Nov/2023 20:24:33] "GET /equip/inventory/ HTTP/1.1" 200 628
[26/Nov/2023 20:24:34] "GET /equip/inventory/ HTTP/1.1" 200 628
[26/Nov/2023 20:24:35] "GET /equip/inventory/ HTTP/1.1" 200 628
[26/Nov/2023 20:25:57] "GET /equip/inventory/?format=api HTTP/1.1" 200 10002
[26/Nov/2023 20:25:59] "OPTIONS /equip/inventory/?format=api HTTP/1.1" 200 9059
[26/Nov/2023 20:26:00] "OPTIONS /equip/inventory/?format=api HTTP/1.1" 200 9059
[26/Nov/2023 20:26:02] "GET /equip/inventory/?format=api HTTP/1.1" 200 10002
[26/Nov/2023 20:26:05] "GET /equip/inventory/ HTTP/1.1" 200 9936
[26/Nov/2023 20:26:22] "GET /equip/inventory/ HTTP/1.1" 200 628
[26/Nov/2023 20:26:26] "GET /equip/inventory/ HTTP/1.1" 200 628
[26/Nov/2023 20:31:08] "GET /equip/inventory/ HTTP/1.1" 200 628
[26/Nov/2023 20:31:13] "GET /equip/inventory/ HTTP/1.1" 200 628
[26/Nov/2023 20:31:14] "GET /equip/inventory/ HTTP/1.1" 200 628
[26/Nov/2023 20:31:15] "GET /equip/inventory/ HTTP/1.1" 200 628
[26/Nov/2023 20:31:15] "GET /equip/inventory/ HTTP/1.1" 200 628
[26/Nov/2023 20:31:16] "GET /equip/inventory/ HTTP/1.1" 200 628
[26/Nov/2023 20:31:19] "GET /equip/inventory/ HTTP/1.1" 200 628
[26/Nov/2023 20:45:03] "GET /equip/inventory/ HTTP/1.1" 200 628
[26/Nov/2023 20:45:06] "GET /equip/inventory/ HTTP/1.1" 200 628
[26/Nov/2023 20:59:27] "GET /equip/inventory/ HTTP/1.1" 200 628
[26/Nov/2023 20:59:31] "GET /equip/inventory/ HTTP/1.1" 200 628
[26/Nov/2023 21:01:18] "GET /equip/inventory/ HTTP/1.1" 200 628
[26/Nov/2023 21:01:20] "GET /equip/inventory/ HTTP/1.1" 200 628
[26/Nov/2023 21:01:24] "GET /equip/inventory/ HTTP/1.1" 200 628
[26/Nov/2023 21:08:30] "GET /equip/inventory/ HTTP/1.1" 200 9936
[26/Nov/2023 21:08:30] "GET /static/rest_framework/css/bootstrap.min.css HTTP/1.1" 304 0
[26/Nov/2023 21:08:30] "GET /static/rest_framework/css/prettify.css HTTP/1.1" 304 0
[26/Nov/2023 21:08:30] "GET /static/rest_framework/css/default.css HTTP/1.1" 304 0
[26/Nov/2023 21:08:30] "GET /static/rest_framework/css/bootstrap-tweaks.css HTTP/1.1" 304 0
[26/Nov/2023 21:08:30] "GET /static/rest_framework/js/ajax-form.js HTTP/1.1" 304 0
[26/Nov/2023 21:08:30] "GET /static/rest_framework/js/csrf.js HTTP/1.1" 304 0
[26/Nov/2023 21:08:30] "GET /static/rest_framework/js/jquery-3.5.1.min.js HTTP/1.1" 304 0
[26/Nov/2023 21:08:30] "GET /static/rest_framework/js/prettify-min.js HTTP/1.1" 304 0
[26/Nov/2023 21:08:30] "GET /static/rest_framework/js/bootstrap.min.js HTTP/1.1" 304 0
[26/Nov/2023 21:08:30] "GET /static/rest_framework/js/default.js HTTP/1.1" 304 0
[26/Nov/2023 21:08:30] "GET /static/rest_framework/img/grid.png HTTP/1.1" 304 0
[26/Nov/2023 21:09:57] "GET /equip/inventory/ HTTP/1.1" 200 628
[26/Nov/2023 21:10:09] "GET /equip/inventory/ HTTP/1.1" 200 628
Bad Request: /equip/inventory/
[26/Nov/2023 21:10:09] "POST /equip/inventory/ HTTP/1.1" 400 8711
[26/Nov/2023 21:10:13] "GET /Accounts/info HTTP/1.1" 301 0
Bad Request: /Accounts/info/
[26/Nov/2023 21:10:13] "GET /Accounts/info/ HTTP/1.1" 400 7040
Bad Request: /Accounts/info/
[26/Nov/2023 21:10:14] "GET /Accounts/info/ HTTP/1.1" 400 7040
[26/Nov/2023 21:10:16] "GET /equip/inventory/ HTTP/1.1" 200 628
[26/Nov/2023 21:10:17] "GET /Accounts/auth HTTP/1.1" 301 0
[26/Nov/2023 21:10:17] "GET /Accounts/auth/ HTTP/1.1" 200 8435
[26/Nov/2023 21:10:29] "GET /Accounts/info/ HTTP/1.1" 200 7198
[26/Nov/2023 21:10:34] "GET /equip/inventory/ HTTP/1.1" 200 9936
[26/Nov/2023 21:11:16] "POST /equip/inventory/ HTTP/1.1" 201 9262
[26/Nov/2023 21:12:04] "POST /equip/inventory/ HTTP/1.1" 201 9259
[26/Nov/2023 21:12:51] "GET /equip/inventory/ HTTP/1.1" 200 1241
[26/Nov/2023 21:13:21] "POST /equip/inventory/ HTTP/1.1" 201 9258
[26/Nov/2023 21:13:46] "POST /equip/inventory/ HTTP/1.1" 201 9265
[26/Nov/2023 21:16:14] "POST /equip/inventory/ HTTP/1.1" 201 9261
[26/Nov/2023 21:16:52] "POST /equip/inventory/ HTTP/1.1" 201 9255
[26/Nov/2023 21:17:25] "POST /equip/inventory/ HTTP/1.1" 201 9263
[26/Nov/2023 21:18:12] "GET /equip/inventory/ HTTP/1.1" 200 14461
[26/Nov/2023 21:18:12] "GET /static/rest_framework/css/prettify.css HTTP/1.1" 304 0
[26/Nov/2023 21:18:12] "GET /static/rest_framework/css/bootstrap-tweaks.css HTTP/1.1" 304 0
[26/Nov/2023 21:18:12] "GET /static/rest_framework/css/bootstrap.min.css HTTP/1.1" 304 0
[26/Nov/2023 21:18:12] "GET /static/rest_framework/js/ajax-form.js HTTP/1.1" 304 0
[26/Nov/2023 21:18:12] "GET /static/rest_framework/js/jquery-3.5.1.min.js HTTP/1.1" 304 0
[26/Nov/2023 21:18:12] "GET /static/rest_framework/css/default.css HTTP/1.1" 304 0
[26/Nov/2023 21:18:12] "GET /static/rest_framework/js/csrf.js HTTP/1.1" 304 0
[26/Nov/2023 21:18:12] "GET /static/rest_framework/js/bootstrap.min.js HTTP/1.1" 304 0
[26/Nov/2023 21:18:12] "GET /static/rest_framework/js/default.js HTTP/1.1" 304 0
[26/Nov/2023 21:18:12] "GET /static/rest_framework/js/prettify-min.js HTTP/1.1" 304 0
[26/Nov/2023 21:18:12] "GET /static/rest_framework/img/grid.png HTTP/1.1" 304 0
[26/Nov/2023 21:24:44] "GET /equip/inventory/ HTTP/1.1" 200 14461
[26/Nov/2023 21:25:05] "GET /equip/inventory/ HTTP/1.1" 200 2773
[26/Nov/2023 21:25:08] "GET /equip/inventory/ HTTP/1.1" 200 14461
[26/Nov/2023 21:25:15] "GET /equip/inventory/ HTTP/1.1" 200 2773
[26/Nov/2023 21:25:22] "GET /equip/inventory/ HTTP/1.1" 200 14461
[26/Nov/2023 21:39:20] "GET /equip/inventory/ HTTP/1.1" 200 2773
[26/Nov/2023 21:39:28] "GET /equip/inventory/ HTTP/1.1" 200 2773
[26/Nov/2023 21:39:36] "GET /equip/inventory/ HTTP/1.1" 200 2773
[26/Nov/2023 21:39:45] "GET /equip/inventory/ HTTP/1.1" 200 2773
[26/Nov/2023 21:39:46] "GET /equip/inventory/ HTTP/1.1" 200 2773
[26/Nov/2023 21:39:50] "GET /equip/inventory/ HTTP/1.1" 200 2773
[26/Nov/2023 21:39:52] "GET /equip/inventory/ HTTP/1.1" 200 2773
[26/Nov/2023 21:39:59] "GET /equip/inventory/ HTTP/1.1" 200 2773
[26/Nov/2023 21:40:08] "GET /equip/inventory/ HTTP/1.1" 200 2773
[26/Nov/2023 21:40:30] "GET /equip/inventory/ HTTP/1.1" 200 2773
[26/Nov/2023 21:40:33] "GET /equip/inventory/ HTTP/1.1" 200 2773
[26/Nov/2023 21:40:35] "GET /equip/inventory/ HTTP/1.1" 200 2773
[26/Nov/2023 21:40:36] "GET /equip/inventory/ HTTP/1.1" 200 2773
[26/Nov/2023 21:40:40] "GET /equip/inventory/ HTTP/1.1" 200 2773
[26/Nov/2023 21:40:41] "GET /equip/inventory/ HTTP/1.1" 200 2773
[26/Nov/2023 21:40:42] "GET /equip/inventory/ HTTP/1.1" 200 2773
[26/Nov/2023 21:40:42] "GET /equip/inventory/ HTTP/1.1" 200 2773
[26/Nov/2023 21:40:43] "GET /equip/inventory/ HTTP/1.1" 200 2773
[26/Nov/2023 21:40:43] "GET /equip/inventory/ HTTP/1.1" 200 2773
[26/Nov/2023 21:40:43] "GET /equip/inventory/ HTTP/1.1" 200 2773
[26/Nov/2023 21:40:44] "GET /equip/inventory/ HTTP/1.1" 200 2773
[26/Nov/2023 21:40:44] "GET /equip/inventory/ HTTP/1.1" 200 2773
[26/Nov/2023 21:40:44] "GET /equip/inventory/ HTTP/1.1" 200 2773
[26/Nov/2023 21:40:44] "GET /equip/inventory/ HTTP/1.1" 200 2773
[26/Nov/2023 21:40:45] "GET /equip/inventory/ HTTP/1.1" 200 2773
[26/Nov/2023 21:40:54] "GET /equip/inventory/ HTTP/1.1" 200 2773
[26/Nov/2023 21:40:57] "GET /equip/inventory/ HTTP/1.1" 200 2773
[26/Nov/2023 21:41:12] "GET /equip/inventory/ HTTP/1.1" 200 2773
[26/Nov/2023 21:41:15] "GET /equip/inventory/ HTTP/1.1" 200 2773
[26/Nov/2023 21:41:19] "GET /equip/inventory/ HTTP/1.1" 200 2773
[26/Nov/2023 21:42:26] "GET /equip/inventory/ HTTP/1.1" 200 2773
[26/Nov/2023 21:42:35] "GET /equip/inventory/ HTTP/1.1" 200 2773
[26/Nov/2023 21:42:38] "GET /equip/inventory/ HTTP/1.1" 200 2773
[26/Nov/2023 21:42:51] "GET /equip/inventory/ HTTP/1.1" 200 2773
[26/Nov/2023 21:42:59] "GET /equip/inventory/ HTTP/1.1" 200 2773
[26/Nov/2023 21:43:06] "GET /equip/inventory/ HTTP/1.1" 200 2773
[26/Nov/2023 21:43:49] "GET /equip/inventory/ HTTP/1.1" 200 2773
[26/Nov/2023 21:46:49] "GET /equip/inventory/ HTTP/1.1" 200 14461
Watching for file changes with StatReloader
[26/Nov/2023 21:56:23] "GET /equip/inventory/ HTTP/1.1" 200 14461
[26/Nov/2023 22:02:07] "GET /equip/inventory/ HTTP/1.1" 200 2773
[26/Nov/2023 22:24:07] "GET /equip/inventory/ HTTP/1.1" 200 2773
[26/Nov/2023 22:28:48] "GET /equip/inventory/ HTTP/1.1" 200 2773
[26/Nov/2023 22:36:06] "GET /equip/inventory/ HTTP/1.1" 200 14461
Not Found: /accounts/auth/
[26/Nov/2023 22:41:23] "GET /accounts/auth/ HTTP/1.1" 404 2557
Not Found: /accounts/auth/
[26/Nov/2023 22:41:23] "GET /accounts/auth/ HTTP/1.1" 404 2557
Not Found: /accounts/auth/
[26/Nov/2023 22:41:24] "GET /accounts/auth/ HTTP/1.1" 404 2557
Not Found: /accounts/auth
[26/Nov/2023 22:41:58] "GET /accounts/auth HTTP/1.1" 404 2554
Not Found: /accounts/auth/
[26/Nov/2023 22:42:02] "GET /accounts/auth/ HTTP/1.1" 404 2557
Not Found: /accounts/auth/
[26/Nov/2023 22:42:05] "GET /accounts/auth/ HTTP/1.1" 404 2557
Not Found: /accounts/auth/
[26/Nov/2023 22:42:08] "GET /accounts/auth/ HTTP/1.1" 404 2557
[26/Nov/2023 22:42:14] "GET /Accounts/auth/ HTTP/1.1" 200 7943
Not Found: /Accounts/auth/
[26/Nov/2023 22:42:28] "GET /Accounts/auth/ HTTP/1.1" 404 7977
Not Found: /Accounts/auth/
[26/Nov/2023 22:42:35] "GET /Accounts/auth/ HTTP/1.1" 404 7977
Not Found: /Accounts/auth/
[26/Nov/2023 22:42:42] "GET /Accounts/auth/ HTTP/1.1" 404 76
Not Found: /Accounts/auth/
[26/Nov/2023 22:42:43] "GET /Accounts/auth/ HTTP/1.1" 404 76
[26/Nov/2023 22:42:45] "GET /Accounts/auth/ HTTP/1.1" 200 7943
Bad Request: /Accounts/auth/
[26/Nov/2023 22:42:56] "POST /Accounts/auth/ HTTP/1.1" 400 7977
Bad Request: /Accounts/auth/
[26/Nov/2023 22:43:32] "POST /Accounts/auth/ HTTP/1.1" 400 7977
Not Found: /Accounts/auth/
[26/Nov/2023 22:43:35] "GET /Accounts/auth/ HTTP/1.1" 404 7977
[26/Nov/2023 22:43:55] "POST /Accounts/auth/ HTTP/1.1" 200 9131
Not Found: /accounts/signin/
[26/Nov/2023 22:48:06] "GET /accounts/signin/ HTTP/1.1" 404 2563
Not Found: /accounts/signin/
[26/Nov/2023 22:48:10] "GET /accounts/signin/ HTTP/1.1" 404 2563
Method Not Allowed: /Accounts/signin/
[26/Nov/2023 22:48:14] "GET /Accounts/signin/ HTTP/1.1" 405 5650
[26/Nov/2023 22:48:14] "GET /static/rest_framework/css/bootstrap.min.css HTTP/1.1" 304 0
[26/Nov/2023 22:48:14] "GET /static/rest_framework/js/jquery-3.5.1.min.js HTTP/1.1" 304 0
[26/Nov/2023 22:48:14] "GET /static/rest_framework/css/bootstrap-tweaks.css HTTP/1.1" 304 0
[26/Nov/2023 22:48:14] "GET /static/rest_framework/js/ajax-form.js HTTP/1.1" 304 0
[26/Nov/2023 22:48:14] "GET /static/rest_framework/css/default.css HTTP/1.1" 304 0
[26/Nov/2023 22:48:14] "GET /static/rest_framework/js/csrf.js HTTP/1.1" 304 0
[26/Nov/2023 22:48:14] "GET /static/rest_framework/css/prettify.css HTTP/1.1" 304 0
[26/Nov/2023 22:48:14] "GET /static/rest_framework/js/bootstrap.min.js HTTP/1.1" 304 0
[26/Nov/2023 22:48:14] "GET /static/rest_framework/js/prettify-min.js HTTP/1.1" 304 0
[26/Nov/2023 22:48:14] "GET /static/rest_framework/js/default.js HTTP/1.1" 304 0
[26/Nov/2023 22:48:15] "GET /static/rest_framework/img/grid.png HTTP/1.1" 304 0
Method Not Allowed: /Accounts/signin/
[26/Nov/2023 22:48:17] "GET /Accounts/signin/ HTTP/1.1" 405 5650
Not Found: /accounts/signin/
[26/Nov/2023 22:52:35] "POST /accounts/signin/ HTTP/1.1" 404 2564
Bad Request: /Accounts/signin/
[26/Nov/2023 22:52:50] "POST /Accounts/signin/ HTTP/1.1" 400 104
Bad Request: /Accounts/signin/
[26/Nov/2023 22:53:30] "POST /Accounts/signin/ HTTP/1.1" 400 104
Bad Request: /Accounts/signin/
[26/Nov/2023 22:53:44] "POST /Accounts/signin/ HTTP/1.1" 400 110
[26/Nov/2023 22:54:00] "POST /Accounts/signin/ HTTP/1.1" 200 856
Not Found: /
[26/Nov/2023 22:54:19] "GET / HTTP/1.1" 404 2497
Not Found: /
[26/Nov/2023 22:54:44] "GET / HTTP/1.1" 404 2497
Not Found: /accounts/auth/
[26/Nov/2023 22:54:52] "GET /accounts/auth/ HTTP/1.1" 404 2557
Not Found: /accounts/auth/ksj
[26/Nov/2023 22:54:56] "GET /accounts/auth/ksj HTTP/1.1" 404 2566
Not Found: /accounts/auth/ksj@ksj.com
[26/Nov/2023 22:55:01] "GET /accounts/auth/ksj@ksj.com HTTP/1.1" 404 2590
Not Found: /accounts/auth/ksj@ksj.com
[26/Nov/2023 22:55:05] "GET /accounts/auth/ksj@ksj.com HTTP/1.1" 404 2590
[26/Nov/2023 22:55:45] "OPTIONS /Accounts/auth/ HTTP/1.1" 200 0
Bad Request: /Accounts/auth/
[26/Nov/2023 22:55:45] "POST /Accounts/auth/ HTTP/1.1" 400 73
Bad Request: /Accounts/auth/
[26/Nov/2023 22:56:58] "POST /Accounts/auth/ HTTP/1.1" 400 73
Bad Request: /Accounts/auth/
[26/Nov/2023 22:56:59] "POST /Accounts/auth/ HTTP/1.1" 400 73
Bad Request: /Accounts/auth/
[26/Nov/2023 22:57:05] "POST /Accounts/auth/ HTTP/1.1" 400 73
[26/Nov/2023 22:57:11] "GET /Accounts/auth/ HTTP/1.1" 200 8567
Bad Request: /Accounts/auth/
[26/Nov/2023 22:57:27] "POST /Accounts/auth/ HTTP/1.1" 400 8011
Bad Request: /Accounts/auth/
[26/Nov/2023 22:57:45] "POST /Accounts/auth/ HTTP/1.1" 400 8011
Bad Request: /Accounts/auth/
[26/Nov/2023 22:57:59] "POST /Accounts/auth/ HTTP/1.1" 400 7977
Bad Request: /Accounts/signin/
[26/Nov/2023 23:01:38] "POST /Accounts/signin/ HTTP/1.1" 400 63
Bad Request: /Accounts/signin/
[26/Nov/2023 23:01:46] "POST /Accounts/signin/ HTTP/1.1" 400 58
Bad Request: /Accounts/signin/
[26/Nov/2023 23:06:20] "POST /Accounts/signin/ HTTP/1.1" 400 110
Bad Request: /Accounts/signin/
[26/Nov/2023 23:06:23] "POST /Accounts/signin/ HTTP/1.1" 400 110
Bad Request: /Accounts/signin/
[26/Nov/2023 23:06:24] "POST /Accounts/signin/ HTTP/1.1" 400 110
Bad Request: /Accounts/signin/
[26/Nov/2023 23:06:27] "POST /Accounts/signin/ HTTP/1.1" 400 110
Bad Request: /Accounts/signin/
[26/Nov/2023 23:06:27] "POST /Accounts/signin/ HTTP/1.1" 400 110
[26/Nov/2023 23:06:40] "POST /Accounts/signin/ HTTP/1.1" 200 856
Bad Request: /Accounts/signin/
[26/Nov/2023 23:06:41] "POST /Accounts/signin/ HTTP/1.1" 400 110
Bad Request: /Accounts/signin/
[26/Nov/2023 23:06:41] "POST /Accounts/signin/ HTTP/1.1" 400 110
Bad Request: /Accounts/signin/
[26/Nov/2023 23:06:55] "POST /Accounts/signin/ HTTP/1.1" 400 110
Bad Request: /Accounts/signin/
[26/Nov/2023 23:06:55] "POST /Accounts/signin/ HTTP/1.1" 400 110
/workspace/Equipment_System/Capstone/config/settings.py changed, reloading.
Performing system checks...

System check identified no issues (0 silenced).
November 26, 2023 - 21:56:20
Django version 4.0.3, using settings 'config.settings'
Starting development server at http://0.0.0.0:8000/
Quit the server with CONTROL-C.
Watching for file changes with StatReloader
Watching for file changes with StatReloader
[26/Nov/2023 23:23:14] "GET /Accounts/auth/ HTTP/1.1" 200 8568
[26/Nov/2023 23:23:14] "GET /Accounts/auth/ HTTP/1.1" 200 8568
[26/Nov/2023 23:25:06] "POST /Accounts/auth/ HTTP/1.1" 200 855
Bad Request: /Accounts/signin/
[26/Nov/2023 23:26:20] "POST /Accounts/signin/ HTTP/1.1" 400 110
Bad Request: /Accounts/auth/
[26/Nov/2023 23:26:23] "POST /Accounts/auth/ HTTP/1.1" 400 73
Bad Request: /Accounts/signin/
[26/Nov/2023 23:26:23] "POST /Accounts/signin/ HTTP/1.1" 400 110
[26/Nov/2023 23:26:37] "POST /Accounts/auth/ HTTP/1.1" 200 855
Bad Request: /Accounts/signin/
[26/Nov/2023 23:26:38] "POST /Accounts/signin/ HTTP/1.1" 400 110
Bad Request: /Accounts/auth/
[26/Nov/2023 23:26:38] "POST /Accounts/auth/ HTTP/1.1" 400 73
Bad Request: /Accounts/signin/
[26/Nov/2023 23:26:42] "POST /Accounts/signin/ HTTP/1.1" 400 110
Bad Request: /Accounts/auth/
[26/Nov/2023 23:26:42] "POST /Accounts/auth/ HTTP/1.1" 400 73
Bad Request: /Accounts/signin/
[26/Nov/2023 23:26:44] "POST /Accounts/signin/ HTTP/1.1" 400 110
Bad Request: /Accounts/signin/
[26/Nov/2023 23:26:45] "POST /Accounts/signin/ HTTP/1.1" 400 110
Bad Request: /Accounts/signin/
[26/Nov/2023 23:26:46] "POST /Accounts/signin/ HTTP/1.1" 400 110
Bad Request: /Accounts/auth/
[26/Nov/2023 23:26:46] "POST /Accounts/auth/ HTTP/1.1" 400 73
Bad Request: /Accounts/auth/
[26/Nov/2023 23:26:52] "POST /Accounts/auth/ HTTP/1.1" 400 73
Bad Request: /Accounts/signin/
[26/Nov/2023 23:26:53] "POST /Accounts/signin/ HTTP/1.1" 400 110
Bad Request: /Accounts/auth/
[26/Nov/2023 23:26:53] "POST /Accounts/auth/ HTTP/1.1" 400 73
[26/Nov/2023 23:28:05] "POST /Accounts/auth/ HTTP/1.1" 200 855
[26/Nov/2023 23:32:31] "POST /Accounts/auth/ HTTP/1.1" 200 855
[26/Nov/2023 23:33:47] "POST /Accounts/auth/ HTTP/1.1" 200 858
Bad Request: /Accounts/auth/
[26/Nov/2023 23:37:45] "POST /Accounts/auth/ HTTP/1.1" 400 73
Bad Request: /Accounts/auth/
[26/Nov/2023 23:37:47] "POST /Accounts/auth/ HTTP/1.1" 400 73
Bad Request: /Accounts/auth/
[26/Nov/2023 23:37:50] "POST /Accounts/auth/ HTTP/1.1" 400 73
[26/Nov/2023 23:37:57] "POST /Accounts/auth/ HTTP/1.1" 200 855
[26/Nov/2023 23:38:02] "POST /Accounts/auth/ HTTP/1.1" 200 855
Not Found: /Accounts/auth/
[26/Nov/2023 23:42:16] "GET /Accounts/auth/ HTTP/1.1" 404 76
Not Found: /Accounts/auth/
[26/Nov/2023 23:42:18] "GET /Accounts/auth/ HTTP/1.1" 404 76
Not Found: /Accounts/auth/
[26/Nov/2023 23:42:45] "GET /Accounts/auth/ HTTP/1.1" 404 7977
Not Found: /Accounts/auth/
[26/Nov/2023 23:43:10] "GET /Accounts/auth/ HTTP/1.1" 404 76
Bad Request: /Accounts/auth/
[26/Nov/2023 23:43:42] "POST /Accounts/auth/ HTTP/1.1" 400 73
Not Found: /Accounts/auth/
[26/Nov/2023 23:43:43] "GET /Accounts/auth/ HTTP/1.1" 404 76
Bad Request: /Accounts/auth/
[26/Nov/2023 23:43:44] "POST /Accounts/auth/ HTTP/1.1" 400 73
Bad Request: /Accounts/auth/
[26/Nov/2023 23:43:46] "POST /Accounts/auth/ HTTP/1.1" 400 73
[26/Nov/2023 23:43:50] "POST /Accounts/auth/ HTTP/1.1" 200 855
Bad Request: /Accounts/auth/
[26/Nov/2023 23:43:52] "POST /Accounts/auth/ HTTP/1.1" 400 73
[26/Nov/2023 23:44:05] "GET /equip/inventory/ HTTP/1.1" 200 2773
Bad Request: /Accounts/auth/
[26/Nov/2023 23:44:06] "POST /Accounts/auth/ HTTP/1.1" 400 73
[26/Nov/2023 23:44:14] "GET /equip/inventory/ HTTP/1.1" 200 2773
[26/Nov/2023 23:44:18] "GET /equip/inventory/ HTTP/1.1" 200 2773
Bad Request: /Accounts/auth/
[26/Nov/2023 23:44:24] "POST /Accounts/auth/ HTTP/1.1" 400 73
Bad Request: /Accounts/auth/
[26/Nov/2023 23:44:35] "POST /Accounts/auth/ HTTP/1.1" 400 73
Bad Request: /Accounts/auth/
[26/Nov/2023 23:44:37] "POST /Accounts/auth/ HTTP/1.1" 400 73
Bad Request: /Accounts/auth/
[26/Nov/2023 23:44:39] "POST /Accounts/auth/ HTTP/1.1" 400 73
Bad Request: /Accounts/auth/
[26/Nov/2023 23:44:41] "POST /Accounts/auth/ HTTP/1.1" 400 73
Bad Request: /Accounts/auth/
[26/Nov/2023 23:44:51] "POST /Accounts/auth/ HTTP/1.1" 400 73
Bad Request: /Accounts/auth/
[26/Nov/2023 23:44:53] "POST /Accounts/auth/ HTTP/1.1" 400 73
[26/Nov/2023 23:44:57] "POST /Accounts/auth/ HTTP/1.1" 200 855
Bad Request: /Accounts/auth/
[26/Nov/2023 23:44:59] "POST /Accounts/auth/ HTTP/1.1" 400 73
Bad Request: /Accounts/auth/
[26/Nov/2023 23:45:37] "POST /Accounts/auth/ HTTP/1.1" 400 73
Bad Request: /Accounts/auth/
[26/Nov/2023 23:45:37] "POST /Accounts/auth/ HTTP/1.1" 400 73
[26/Nov/2023 23:45:47] "POST /Accounts/auth/ HTTP/1.1" 200 858
Not Found: /Accounts/auth/
[26/Nov/2023 23:46:05] "GET /Accounts/auth/ HTTP/1.1" 404 76
Not Found: /Accounts/auth/
[26/Nov/2023 23:46:54] "GET /Accounts/auth/ HTTP/1.1" 404 76
Not Found: /Accounts/auth/
[26/Nov/2023 23:46:58] "GET /Accounts/auth/ HTTP/1.1" 404 76
Not Found: /Accounts/auth/
[26/Nov/2023 23:47:00] "GET /Accounts/auth/ HTTP/1.1" 404 76
Not Found: /Accounts/auth/
[26/Nov/2023 23:47:01] "GET /Accounts/auth/ HTTP/1.1" 404 76
Not Found: /Accounts/auth/
[26/Nov/2023 23:47:57] "GET /Accounts/auth/ HTTP/1.1" 404 76
Not Found: /Accounts/auth/
[26/Nov/2023 23:48:09] "GET /Accounts/auth/ HTTP/1.1" 404 76
Not Found: /Accounts/auth/
[26/Nov/2023 23:48:16] "GET /Accounts/auth/ HTTP/1.1" 404 76
Not Found: /Accounts/auth/
[26/Nov/2023 23:48:20] "GET /Accounts/auth/ HTTP/1.1" 404 76
Not Found: /Accounts/auth/
[26/Nov/2023 23:48:23] "GET /Accounts/auth/ HTTP/1.1" 404 76
Not Found: /Accounts/auth/
[26/Nov/2023 23:48:26] "GET /Accounts/auth/ HTTP/1.1" 404 76
Not Found: /Accounts/auth/
[26/Nov/2023 23:48:36] "GET /Accounts/auth/ HTTP/1.1" 404 76
Not Found: /Accounts/auth/
[26/Nov/2023 23:48:40] "GET /Accounts/auth/ HTTP/1.1" 404 76
Not Found: /Accounts/auth/
[26/Nov/2023 23:48:42] "GET /Accounts/auth/ HTTP/1.1" 404 76
Not Found: /Accounts/auth/
[26/Nov/2023 23:48:44] "GET /Accounts/auth/ HTTP/1.1" 404 76
Not Found: /Accounts/auth/
[26/Nov/2023 23:48:54] "GET /Accounts/auth/ HTTP/1.1" 404 76
Not Found: /Accounts/auth/
[26/Nov/2023 23:48:56] "GET /Accounts/auth/ HTTP/1.1" 404 76
Not Found: /Accounts/auth/
[26/Nov/2023 23:48:57] "GET /Accounts/auth/ HTTP/1.1" 404 76
Not Found: /Accounts/auth/
[26/Nov/2023 23:49:01] "GET /Accounts/auth/ HTTP/1.1" 404 76
Not Found: /Accounts/auth/
[26/Nov/2023 23:49:24] "GET /Accounts/auth/ HTTP/1.1" 404 76
[26/Nov/2023 23:50:58] "POST /Accounts/auth/ HTTP/1.1" 200 858
Not Found: /Accounts/auth/
[26/Nov/2023 23:51:01] "GET /Accounts/auth/ HTTP/1.1" 404 76
[26/Nov/2023 23:51:21] "POST /Accounts/auth/ HTTP/1.1" 200 858
Not Found: /Accounts/auth/
[26/Nov/2023 23:51:29] "GET /Accounts/auth/ HTTP/1.1" 404 76
[26/Nov/2023 23:51:46] "POST /Accounts/auth/ HTTP/1.1" 200 858
[26/Nov/2023 23:53:56] "POST /Accounts/auth/ HTTP/1.1" 200 858
Not Found: /Accounts/auth/
[26/Nov/2023 23:53:57] "GET /Accounts/auth/ HTTP/1.1" 404 76
Not Found: /Accounts/auth/
[26/Nov/2023 23:54:00] "GET /Accounts/auth/ HTTP/1.1" 404 76
Not Found: /Accounts/auth/
[26/Nov/2023 23:54:02] "GET /Accounts/auth/ HTTP/1.1" 404 76
Not Found: /Accounts/auth/
[26/Nov/2023 23:54:03] "GET /Accounts/auth/ HTTP/1.1" 404 76
Not Found: /Accounts/auth/
[26/Nov/2023 23:55:50] "GET /Accounts/auth/ HTTP/1.1" 404 76
Not Found: /Accounts/auth/
[26/Nov/2023 23:55:52] "GET /Accounts/auth/ HTTP/1.1" 404 76
Not Found: /Accounts/auth/
[26/Nov/2023 23:57:04] "GET /Accounts/auth/ HTTP/1.1" 404 7977
Not Found: /Accounts/auth/
[26/Nov/2023 23:57:06] "GET /Accounts/auth/ HTTP/1.1" 404 7977
Not Found: /Accounts/auth/
[26/Nov/2023 23:57:12] "GET /Accounts/auth/?format=json HTTP/1.1" 404 76
Not Found: /Accounts/auth/
[26/Nov/2023 23:57:25] "GET /Accounts/auth/ HTTP/1.1" 404 7977
Not Found: /Accounts/auth/
[26/Nov/2023 23:58:30] "GET /Accounts/auth/ HTTP/1.1" 404 76
Not Found: /Accounts/auth/
[26/Nov/2023 23:58:54] "GET /Accounts/auth/ HTTP/1.1" 404 76
Not Found: /Accounts/auth/
[26/Nov/2023 23:59:33] "GET /Accounts/auth/ HTTP/1.1" 404 76
Not Found: /Accounts/auth/
[27/Nov/2023 00:00:48] "GET /Accounts/auth/ HTTP/1.1" 404 76
Not Found: /Accounts/auth/
[27/Nov/2023 00:00:51] "GET /Accounts/auth/ HTTP/1.1" 404 76
Not Found: /Accounts/auth/
[27/Nov/2023 00:00:55] "GET /Accounts/auth/ HTTP/1.1" 404 76
Not Found: /Accounts/auth/
[27/Nov/2023 00:00:57] "GET /Accounts/auth/ HTTP/1.1" 404 76
Not Found: /Accounts/auth/
[27/Nov/2023 00:01:01] "GET /Accounts/auth/ HTTP/1.1" 404 76
Not Found: /Accounts/auth/
[27/Nov/2023 00:01:04] "GET /Accounts/auth/ HTTP/1.1" 404 76
Not Found: /Accounts/auth/
[27/Nov/2023 00:01:28] "GET /Accounts/auth/ HTTP/1.1" 404 76
[27/Nov/2023 00:01:36] "POST /Accounts/auth/ HTTP/1.1" 200 858
Not Found: /Accounts/auth/
[27/Nov/2023 00:01:47] "GET /Accounts/auth/ HTTP/1.1" 404 76
Not Found: /Accounts/auth/
[27/Nov/2023 00:01:49] "GET /Accounts/auth/ HTTP/1.1" 404 76
Not Found: /Accounts/auth/
[27/Nov/2023 00:02:41] "GET /Accounts/auth/ HTTP/1.1" 404 76
Not Found: /Accounts/auth/
[27/Nov/2023 00:05:17] "GET /Accounts/auth/ HTTP/1.1" 404 76
Not Found: /Accounts/auth/
[27/Nov/2023 00:05:17] "GET /Accounts/auth/ HTTP/1.1" 404 76
Not Found: /Accounts/auth/
[27/Nov/2023 00:05:19] "GET /Accounts/auth/ HTTP/1.1" 404 76
Not Found: /Accounts/auth/
[27/Nov/2023 00:05:37] "GET /Accounts/auth/ HTTP/1.1" 404 76
[27/Nov/2023 00:07:14] "GET /Accounts/info/12 HTTP/1.1" 301 0
Method Not Allowed: /Accounts/info/12/
[27/Nov/2023 00:07:14] "GET /Accounts/info/12/ HTTP/1.1" 405 5816
Method Not Allowed: /Accounts/info/12/
[27/Nov/2023 00:07:16] "GET /Accounts/info/12/ HTTP/1.1" 405 5816
[27/Nov/2023 00:07:16] "GET /static/rest_framework/css/prettify.css HTTP/1.1" 200 817
[27/Nov/2023 00:07:16] "GET /static/rest_framework/js/prettify-min.js HTTP/1.1" 200 13632
[27/Nov/2023 00:07:16] "GET /static/rest_framework/css/default.css HTTP/1.1" 200 1152
[27/Nov/2023 00:07:16] "GET /static/rest_framework/js/bootstrap.min.js HTTP/1.1" 200 39680
[27/Nov/2023 00:07:16] "GET /static/rest_framework/js/default.js HTTP/1.1" 200 1268
[27/Nov/2023 00:07:16] "GET /static/rest_framework/img/grid.png HTTP/1.1" 200 1458
Method Not Allowed: /Accounts/info/12/
[27/Nov/2023 00:07:21] "GET /Accounts/info/12/ HTTP/1.1" 405 5816
[27/Nov/2023 00:07:39] "GET /Accounts/auth/12 HTTP/1.1" 301 0
[27/Nov/2023 00:07:39] "GET /Accounts/auth/12/ HTTP/1.1" 200 6520
Bad Request: /Accounts/auth/
[27/Nov/2023 00:08:09] "POST /Accounts/auth/ HTTP/1.1" 400 73
[27/Nov/2023 00:08:15] "POST /Accounts/auth/ HTTP/1.1" 200 855
Bad Request: /Accounts/auth/
[27/Nov/2023 00:08:18] "POST /Accounts/auth/ HTTP/1.1" 400 73
[27/Nov/2023 00:08:20] "GET /equip/inventory/ HTTP/1.1" 200 2773
Bad Request: /Accounts/auth/
[27/Nov/2023 00:08:21] "POST /Accounts/auth/ HTTP/1.1" 400 73
[27/Nov/2023 00:08:35] "GET /equip/inventory/ HTTP/1.1" 200 2773
[27/Nov/2023 00:08:35] "GET /equip/inventory/ HTTP/1.1" 200 2773
[27/Nov/2023 00:08:36] "GET /equip/inventory/ HTTP/1.1" 200 2773
[27/Nov/2023 00:08:37] "GET /equip/inventory/ HTTP/1.1" 200 2773
[27/Nov/2023 00:08:38] "GET /equip/inventory/ HTTP/1.1" 200 2773
[27/Nov/2023 00:08:39] "GET /equip/inventory/ HTTP/1.1" 200 2773
[27/Nov/2023 00:09:00] "GET /equip/inventory/ HTTP/1.1" 200 14461
[27/Nov/2023 00:09:14] "GET /equip/inventory/ HTTP/1.1" 200 2773
[27/Nov/2023 00:09:37] "GET /equip/inventory/ HTTP/1.1" 200 2773
[27/Nov/2023 00:09:39] "GET /equip/inventory/ HTTP/1.1" 200 2773
Not Found: /Accounts/auth/
[27/Nov/2023 00:10:28] "GET /Accounts/auth/ HTTP/1.1" 404 76
Watching for file changes with StatReloader
Watching for file changes with StatReloader
Not Found: /Accounts/auth/
[27/Nov/2023 18:01:00] "GET /Accounts/auth/ HTTP/1.1" 404 7938
[27/Nov/2023 18:01:00] "GET /static/rest_framework/css/bootstrap.min.css HTTP/1.1" 304 0
[27/Nov/2023 18:01:00] "GET /static/rest_framework/js/ajax-form.js HTTP/1.1" 304 0
[27/Nov/2023 18:01:00] "GET /static/rest_framework/js/jquery-3.5.1.min.js HTTP/1.1" 304 0
[27/Nov/2023 18:01:00] "GET /static/rest_framework/css/default.css HTTP/1.1" 304 0
[27/Nov/2023 18:01:00] "GET /static/rest_framework/js/bootstrap.min.js HTTP/1.1" 304 0
[27/Nov/2023 18:01:00] "GET /static/rest_framework/css/bootstrap-tweaks.css HTTP/1.1" 304 0
[27/Nov/2023 18:01:00] "GET /static/rest_framework/css/prettify.css HTTP/1.1" 304 0
[27/Nov/2023 18:01:00] "GET /static/rest_framework/js/csrf.js HTTP/1.1" 304 0
[27/Nov/2023 18:01:00] "GET /static/rest_framework/js/prettify-min.js HTTP/1.1" 304 0
[27/Nov/2023 18:01:00] "GET /static/rest_framework/js/default.js HTTP/1.1" 304 0
[27/Nov/2023 18:01:01] "GET /static/rest_framework/img/grid.png HTTP/1.1" 304 0
Not Found: /Accounts/auth/
[27/Nov/2023 18:01:10] "GET /Accounts/auth/ HTTP/1.1" 404 7938
[27/Nov/2023 18:02:02] "POST /Accounts/auth/ HTTP/1.1" 200 9131
[27/Nov/2023 18:02:05] "GET /Accounts/auth/ HTTP/1.1" 200 8567
[27/Nov/2023 18:02:15] "DELETE /Accounts/auth/ HTTP/1.1" 200 7930
Not Found: /Accounts/auth/
[27/Nov/2023 18:02:17] "GET /Accounts/auth/ HTTP/1.1" 404 7977
Not Found: /
[27/Nov/2023 18:02:22] "GET / HTTP/1.1" 404 2501
Not Found: /Accounts/auth/
[27/Nov/2023 18:02:27] "GET /Accounts/auth/ HTTP/1.1" 404 7977
Not Found: /Accounts/auth/
[28/Nov/2023 00:56:17] "GET /Accounts/auth/ HTTP/1.1" 404 7977
[28/Nov/2023 00:56:17] "GET /static/rest_framework/css/bootstrap.min.css HTTP/1.1" 304 0
[28/Nov/2023 00:56:17] "GET /static/rest_framework/css/bootstrap-tweaks.css HTTP/1.1" 304 0
[28/Nov/2023 00:56:17] "GET /static/rest_framework/js/jquery-3.5.1.min.js HTTP/1.1" 304 0
[28/Nov/2023 00:56:17] "GET /static/rest_framework/js/ajax-form.js HTTP/1.1" 304 0
[28/Nov/2023 00:56:17] "GET /static/rest_framework/css/prettify.css HTTP/1.1" 304 0
[28/Nov/2023 00:56:17] "GET /static/rest_framework/css/default.css HTTP/1.1" 304 0
[28/Nov/2023 00:56:17] "GET /static/rest_framework/js/csrf.js HTTP/1.1" 304 0
[28/Nov/2023 00:56:17] "GET /static/rest_framework/js/default.js HTTP/1.1" 304 0
[28/Nov/2023 00:56:17] "GET /static/rest_framework/js/bootstrap.min.js HTTP/1.1" 304 0
[28/Nov/2023 00:56:17] "GET /static/rest_framework/js/prettify-min.js HTTP/1.1" 304 0
[28/Nov/2023 00:56:17] "GET /static/rest_framework/img/grid.png HTTP/1.1" 304 0
Not Found: /Accounts/auth/
[28/Nov/2023 21:12:12] "GET /Accounts/auth/ HTTP/1.1" 404 7977
[28/Nov/2023 21:12:12] "GET /static/rest_framework/css/bootstrap.min.css HTTP/1.1" 304 0
[28/Nov/2023 21:12:12] "GET /static/rest_framework/css/bootstrap-tweaks.css HTTP/1.1" 304 0
[28/Nov/2023 21:12:12] "GET /static/rest_framework/css/default.css HTTP/1.1" 304 0
[28/Nov/2023 21:12:12] "GET /static/rest_framework/js/jquery-3.5.1.min.js HTTP/1.1" 304 0
[28/Nov/2023 21:12:12] "GET /static/rest_framework/js/csrf.js HTTP/1.1" 304 0
[28/Nov/2023 21:12:12] "GET /static/rest_framework/js/ajax-form.js HTTP/1.1" 304 0
[28/Nov/2023 21:12:12] "GET /static/rest_framework/css/prettify.css HTTP/1.1" 304 0
[28/Nov/2023 21:12:12] "GET /static/rest_framework/js/bootstrap.min.js HTTP/1.1" 304 0
[28/Nov/2023 21:12:12] "GET /static/rest_framework/js/default.js HTTP/1.1" 304 0
[28/Nov/2023 21:12:12] "GET /static/rest_framework/js/prettify-min.js HTTP/1.1" 304 0
[28/Nov/2023 21:12:12] "GET /static/rest_framework/img/grid.png HTTP/1.1" 304 0
Bad Request: /Accounts/auth/
[29/Nov/2023 00:08:09] "POST /Accounts/auth/ HTTP/1.1" 400 73
Bad Request: /Accounts/auth/
[29/Nov/2023 00:08:16] "POST /Accounts/auth/ HTTP/1.1" 400 73
Bad Request: /Accounts/auth/
[29/Nov/2023 00:08:56] "POST /Accounts/auth/ HTTP/1.1" 400 73
[29/Nov/2023 00:09:33] "POST /Accounts/auth/ HTTP/1.1" 200 858
[29/Nov/2023 00:09:40] "GET /Accounts/auth/ HTTP/1.1" 200 373
[29/Nov/2023 00:16:40] "GET /Accounts/auth/ HTTP/1.1" 200 373
[29/Nov/2023 00:16:40] "DELETE /Accounts/auth/ HTTP/1.1" 200 33
